<?xml version='1.0' encoding='UTF-8' ?>
<testsuite name="com.example.dogglers.ButtonTests" tests="19" failures="14" errors="0" skipped="0" time="44.695" timestamp="2022-09-20T12:59:55" hostname="localhost">
  <properties>
    <property name="device" value="Pixel_5_API_31(AVD) - 12" />
    <property name="flavor" value="" />
    <property name="project" value=":app" />
  </properties>
  <testcase name="grid_list_button_is_displayed" classname="com.example.dogglers.ButtonTests" time="2.913" />
  <testcase name="clicking_horizontal_list_button_displays_horizontal_list" classname="com.example.dogglers.ButtonTests" time="2.539">
    <failure>androidx.test.espresso.base.DefaultFailureHandler$AssertionFailedWithCauseError: '(view has effective visibility &lt;VISIBLE&gt; and view.getGlobalVisibleRect() to return non-empty rectangle)' doesn't match the selected view.
Expected: (view has effective visibility &lt;VISIBLE&gt; and view.getGlobalVisibleRect() to return non-empty rectangle)
Got: view.getGlobalVisibleRect() returned empty rectangle
View Details: RecyclerView{id=2131230945, res-name=horizontal_recycler_view, visibility=VISIBLE, width=1080, height=0, has-focus=false, has-focusable=true, has-window-focus=true, is-clickable=false, is-enabled=true, is-focused=false, is-focusable=true, is-layout-requested=false, is-selected=false, layout-params=android.widget.FrameLayout$LayoutParams&#64;5bacf01, tag=null, root-is-layout-requested=false, has-input-connection=false, x=0.0, y=954.0, child-count=0}

at dalvik.system.VMStack.getThreadStackTrace(Native Method)
at java.lang.Thread.getStackTrace(Thread.java:1724)
at androidx.test.espresso.base.DefaultFailureHandler.getUserFriendlyError(DefaultFailureHandler.java:12)
at androidx.test.espresso.base.DefaultFailureHandler.handle(DefaultFailureHandler.java:7)
at androidx.test.espresso.ViewInteraction.waitForAndHandleInteractionResults(ViewInteraction.java:5)
at androidx.test.espresso.ViewInteraction.check(ViewInteraction.java:12)
at com.example.dogglers.ButtonTests.clicking_horizontal_list_button_displays_horizontal_list(ButtonTests.kt:61)
... 29 trimmed
Caused by: junit.framework.AssertionFailedError: '(view has effective visibility &lt;VISIBLE&gt; and view.getGlobalVisibleRect() to return non-empty rectangle)' doesn't match the selected view.
Expected: (view has effective visibility &lt;VISIBLE&gt; and view.getGlobalVisibleRect() to return non-empty rectangle)
Got: view.getGlobalVisibleRect() returned empty rectangle
View Details: RecyclerView{id=2131230945, res-name=horizontal_recycler_view, visibility=VISIBLE, width=1080, height=0, has-focus=false, has-focusable=true, has-window-focus=true, is-clickable=false, is-enabled=true, is-focused=false, is-focusable=true, is-layout-requested=false, is-selected=false, layout-params=android.widget.FrameLayout$LayoutParams&#64;5bacf01, tag=null, root-is-layout-requested=false, has-input-connection=false, x=0.0, y=954.0, child-count=0}

at androidx.test.espresso.matcher.ViewMatchers.assertThat(ViewMatchers.java:16)
at androidx.test.espresso.assertion.ViewAssertions$MatchesViewAssertion.check(ViewAssertions.java:11)
at androidx.test.espresso.ViewInteraction$SingleExecutionViewAssertion.check(ViewInteraction.java:2)
at androidx.test.espresso.ViewInteraction$2.call(ViewInteraction.java:12)
at androidx.test.espresso.ViewInteraction$2.call(ViewInteraction.java:1)
at java.util.concurrent.FutureTask.run(FutureTask.java:266)
at android.os.Handler.handleCallback(Handler.java:938)
at android.os.Handler.dispatchMessage(Handler.java:99)
at android.os.Looper.loopOnce(Looper.java:201)
at android.os.Looper.loop(Looper.java:288)
at android.app.ActivityThread.main(ActivityThread.java:7839)
at java.lang.reflect.Method.invoke(Native Method)
at com.android.internal.os.RuntimeInit$MethodAndArgsCaller.run(RuntimeInit.java:548)
at com.android.internal.os.ZygoteInit.main(ZygoteInit.java:1003)</failure>
  </testcase>
  <testcase name="clicking_grid_list_button_displays_grid_list" classname="com.example.dogglers.ButtonTests" time="2.966" />
  <testcase name="clicking_vertical_list_button_displays_vertical_list" classname="com.example.dogglers.ButtonTests" time="3.707" />
  <testcase name="horizontal_list_button_is_displayed" classname="com.example.dogglers.ButtonTests" time="2.529" />
  <testcase name="vertical_list_button_is_displayed" classname="com.example.dogglers.ButtonTests" time="1.189" />
  <testcase name="recycler_view_item_count" classname="com.example.dogglers.GridListTests" time="1.12">
    <failure>androidx.test.espresso.base.DefaultFailureHandler$AssertionFailedWithCauseError: RecyclerView item count
Expected: &lt;6&gt;
Got: was &lt;0&gt;

at dalvik.system.VMStack.getThreadStackTrace(Native Method)
at java.lang.Thread.getStackTrace(Thread.java:1724)
at androidx.test.espresso.base.DefaultFailureHandler.getUserFriendlyError(DefaultFailureHandler.java:12)
at androidx.test.espresso.base.DefaultFailureHandler.handle(DefaultFailureHandler.java:7)
at androidx.test.espresso.ViewInteraction.waitForAndHandleInteractionResults(ViewInteraction.java:5)
at androidx.test.espresso.ViewInteraction.check(ViewInteraction.java:12)
at com.example.dogglers.GridListTests.recycler_view_item_count(GridListTests.kt:66)
... 29 trimmed
Caused by: junit.framework.AssertionFailedError: RecyclerView item count
Expected: &lt;6&gt;
Got: was &lt;0&gt;

at androidx.test.espresso.matcher.ViewMatchers.assertThat(ViewMatchers.java:16)
at com.example.dogglers.BaseTest$DrawableMatcher$RecyclerViewAssertion.check(BaseTest.kt:163)
at androidx.test.espresso.ViewInteraction$SingleExecutionViewAssertion.check(ViewInteraction.java:2)
at androidx.test.espresso.ViewInteraction$2.call(ViewInteraction.java:12)
at androidx.test.espresso.ViewInteraction$2.call(ViewInteraction.java:1)
at java.util.concurrent.FutureTask.run(FutureTask.java:266)
at android.os.Handler.handleCallback(Handler.java:938)
at android.os.Handler.dispatchMessage(Handler.java:99)
at android.os.Looper.loopOnce(Looper.java:201)
at android.os.Looper.loop(Looper.java:288)
at android.app.ActivityThread.main(ActivityThread.java:7839)
at java.lang.reflect.Method.invoke(Native Method)
at com.android.internal.os.RuntimeInit$MethodAndArgsCaller.run(RuntimeInit.java:548)
at com.android.internal.os.ZygoteInit.main(ZygoteInit.java:1003)</failure>
  </testcase>
  <testcase name="grid_list_content_on_first_page" classname="com.example.dogglers.GridListTests" time="1.253">
    <failure>androidx.test.espresso.NoMatchingViewException: No views in hierarchy found matching: an instance of android.widget.TextView and view.getText() with or without transformation to match: is "Nox"

View Hierarchy:
+&gt;DecorView{id=-1, visibility=VISIBLE, width=1080, height=2340, has-focus=false, has-focusable=true, has-window-focus=true, is-clickable=false, is-enabled=true, is-focused=false, is-focusable=false, is-layout-requested=false, is-selected=false, layout-params={(0,0)(fillxfill) ty=BASE_APPLICATION wanim=0x10302fe
fl=LAYOUT_IN_SCREEN LAYOUT_INSET_DECOR SPLIT_TOUCH HARDWARE_ACCELERATED DRAWS_SYSTEM_BAR_BACKGROUNDS
pfl=NO_MOVE_ANIMATION FORCE_DRAW_STATUS_BAR_BACKGROUND FIT_INSETS_CONTROLLED
bhv=DEFAULT
fitSides=}, tag=null, root-is-layout-requested=false, has-input-connection=false, x=0.0, y=0.0, child-count=3}
|
+-&gt;LinearLayout{id=-1, visibility=VISIBLE, width=1080, height=2208, has-focus=false, has-focusable=true, has-window-focus=true, is-clickable=false, is-enabled=true, is-focused=false, is-focusable=false, is-layout-requested=false, is-selected=false, layout-params=android.widget.FrameLayout$LayoutParams&#64;769b5e8, tag=null, root-is-layout-requested=false, has-input-connection=false, x=0.0, y=0.0, child-count=2}
|
+--&gt;ViewStub{id=16908720, res-name=action_mode_bar_stub, visibility=GONE, width=0, height=0, has-focus=false, has-focusable=false, has-window-focus=true, is-clickable=false, is-enabled=true, is-focused=false, is-focusable=false, is-layout-requested=true, is-selected=false, layout-params=android.widget.LinearLayout$LayoutParams&#64;6df5401, tag=null, root-is-layout-requested=false, has-input-connection=false, x=0.0, y=0.0}
|
+--&gt;FrameLayout{id=-1, visibility=VISIBLE, width=1080, height=2063, has-focus=false, has-focusable=true, has-window-focus=true, is-clickable=false, is-enabled=true, is-focused=false, is-focusable=false, is-layout-requested=false, is-selected=false, layout-params=android.widget.LinearLayout$LayoutParams&#64;8a024e7, tag=null, root-is-layout-requested=false, has-input-connection=false, x=0.0, y=145.0, child-count=1}
|
+---&gt;ActionBarOverlayLayout{id=2131230866, res-name=decor_content_parent, visibility=VISIBLE, width=1080, height=2063, has-focus=false, has-focusable=true, has-window-focus=true, is-clickable=false, is-enabled=true, is-focused=false, is-focusable=false, is-layout-requested=false, is-selected=false, layout-params=android.widget.FrameLayout$LayoutParams&#64;22e332, tag=null, root-is-layout-requested=false, has-input-connection=false, x=0.0, y=0.0, child-count=2}
|
+----&gt;ContentFrameLayout{id=16908290, res-name=content, visibility=VISIBLE, width=1080, height=1909, has-focus=false, has-focusable=true, has-window-focus=true, is-clickable=false, is-enabled=true, is-focused=false, is-focusable=false, is-layout-requested=false, is-selected=false, layout-params=androidx.appcompat.widget.ActionBarOverlayLayout$LayoutParams&#64;87b5a00, tag=null, root-is-layout-requested=false, has-input-connection=false, x=0.0, y=154.0, child-count=1}
|
+-----&gt;FrameLayout{id=-1, visibility=VISIBLE, width=1080, height=1909, has-focus=false, has-focusable=true, has-window-focus=true, is-clickable=false, is-enabled=true, is-focused=false, is-focusable=false, is-layout-requested=false, is-selected=false, layout-params=android.widget.FrameLayout$LayoutParams&#64;698007e, tag=null, root-is-layout-requested=false, has-input-connection=false, x=0.0, y=0.0, child-count=1}
|
+------&gt;RecyclerView{id=2131230933, res-name=grid_recycler_view, visibility=VISIBLE, width=1080, height=1909, has-focus=false, has-focusable=true, has-window-focus=true, is-clickable=false, is-enabled=true, is-focused=false, is-focusable=true, is-layout-requested=false, is-selected=false, layout-params=android.widget.FrameLayout$LayoutParams&#64;e52c9df, tag=null, root-is-layout-requested=false, has-input-connection=false, x=0.0, y=0.0, child-count=0}
|
+----&gt;ActionBarContainer{id=2131230774, res-name=action_bar_container, visibility=VISIBLE, width=1080, height=154, has-focus=false, has-focusable=false, has-window-focus=true, is-clickable=false, is-enabled=true, is-focused=false, is-focusable=false, is-layout-requested=false, is-selected=false, layout-params=androidx.appcompat.widget.ActionBarOverlayLayout$LayoutParams&#64;5afa68a, tag=null, root-is-layout-requested=false, has-input-connection=false, x=0.0, y=0.0, child-count=2}
|
+-----&gt;Toolbar{id=2131230772, res-name=action_bar, visibility=VISIBLE, width=1080, height=154, has-focus=false, has-focusable=false, has-window-focus=true, is-clickable=false, is-enabled=true, is-focused=false, is-focusable=false, is-layout-requested=false, is-selected=false, layout-params=android.widget.FrameLayout$LayoutParams&#64;de9a156, tag=null, root-is-layout-requested=false, has-input-connection=false, x=0.0, y=0.0, child-count=3}
|
+------&gt;AppCompatTextView{id=-1, visibility=VISIBLE, width=219, height=74, has-focus=false, has-focusable=false, has-window-focus=true, is-clickable=false, is-enabled=true, is-focused=false, is-focusable=false, is-layout-requested=false, is-selected=false, layout-params=androidx.appcompat.widget.Toolbar$LayoutParams&#64;a2615d7, tag=null, root-is-layout-requested=false, has-input-connection=false, x=198.0, y=40.0, text=Dogglers, input-type=0, ime-target=false, has-links=false}
|
+------&gt;AppCompatImageButton{id=-1, desc=Navigate up, visibility=VISIBLE, width=154, height=154, has-focus=false, has-focusable=false, has-window-focus=true, is-clickable=true, is-enabled=true, is-focused=false, is-focusable=true, is-layout-requested=false, is-selected=false, layout-params=androidx.appcompat.widget.Toolbar$LayoutParams&#64;828fec4, tag=null, root-is-layout-requested=false, has-input-connection=false, x=0.0, y=0.0}
|
+------&gt;ActionMenuView{id=-1, visibility=VISIBLE, width=0, height=154, has-focus=false, has-focusable=false, has-window-focus=true, is-clickable=false, is-enabled=true, is-focused=false, is-focusable=false, is-layout-requested=false, is-selected=false, layout-params=androidx.appcompat.widget.Toolbar$LayoutParams&#64;6ac61ad, tag=null, root-is-layout-requested=false, has-input-connection=false, x=1080.0, y=0.0, child-count=0}
|
+-----&gt;ActionBarContextView{id=2131230780, res-name=action_context_bar, visibility=GONE, width=0, height=0, has-focus=false, has-focusable=false, has-window-focus=true, is-clickable=false, is-enabled=true, is-focused=false, is-focusable=false, is-layout-requested=true, is-selected=false, layout-params=android.widget.FrameLayout$LayoutParams&#64;5f67ce2, tag=null, root-is-layout-requested=false, has-input-connection=false, x=0.0, y=0.0, child-count=0}
|
+-&gt;View{id=16908336, res-name=navigationBarBackground, visibility=VISIBLE, width=1080, height=132, has-focus=false, has-focusable=false, has-window-focus=true, is-clickable=false, is-enabled=true, is-focused=false, is-focusable=false, is-layout-requested=false, is-selected=false, layout-params=android.widget.FrameLayout$LayoutParams&#64;ccc3873, tag=null, root-is-layout-requested=false, has-input-connection=false, x=0.0, y=2208.0}
|
+-&gt;View{id=16908335, res-name=statusBarBackground, visibility=VISIBLE, width=1080, height=145, has-focus=false, has-focusable=false, has-window-focus=true, is-clickable=false, is-enabled=true, is-focused=false, is-focusable=false, is-layout-requested=false, is-selected=false, layout-params=android.widget.FrameLayout$LayoutParams&#64;8194330, tag=null, root-is-layout-requested=false, has-input-connection=false, x=0.0, y=0.0}
at dalvik.system.VMStack.getThreadStackTrace(Native Method)
at java.lang.Thread.getStackTrace(Thread.java:1724)
at androidx.test.espresso.base.DefaultFailureHandler.getUserFriendlyError(DefaultFailureHandler.java:12)
at androidx.test.espresso.base.DefaultFailureHandler.handle(DefaultFailureHandler.java:7)
at androidx.test.espresso.ViewInteraction.waitForAndHandleInteractionResults(ViewInteraction.java:8)
at androidx.test.espresso.ViewInteraction.check(ViewInteraction.java:12)
at com.example.dogglers.GridListTests.grid_list_content_on_first_page(GridListTests.kt:47)</failure>
  </testcase>
  <testcase name="vertical_scrolling" classname="com.example.dogglers.GridListTests" time="1.497">
    <failure>androidx.test.espresso.NoMatchingViewException: No views in hierarchy found matching: an instance of android.widget.TextView and view.getText() with or without transformation to match: is "Bella"

View Hierarchy:
+&gt;DecorView{id=-1, visibility=VISIBLE, width=1080, height=2340, has-focus=false, has-focusable=true, has-window-focus=true, is-clickable=false, is-enabled=true, is-focused=false, is-focusable=false, is-layout-requested=false, is-selected=false, layout-params={(0,0)(fillxfill) ty=BASE_APPLICATION wanim=0x10302fe
fl=LAYOUT_IN_SCREEN LAYOUT_INSET_DECOR SPLIT_TOUCH HARDWARE_ACCELERATED DRAWS_SYSTEM_BAR_BACKGROUNDS
pfl=NO_MOVE_ANIMATION FORCE_DRAW_STATUS_BAR_BACKGROUND FIT_INSETS_CONTROLLED
bhv=DEFAULT
fitSides=}, tag=null, root-is-layout-requested=false, has-input-connection=false, x=0.0, y=0.0, child-count=3}
|
+-&gt;LinearLayout{id=-1, visibility=VISIBLE, width=1080, height=2208, has-focus=false, has-focusable=true, has-window-focus=true, is-clickable=false, is-enabled=true, is-focused=false, is-focusable=false, is-layout-requested=false, is-selected=false, layout-params=android.widget.FrameLayout$LayoutParams&#64;1b86969, tag=null, root-is-layout-requested=false, has-input-connection=false, x=0.0, y=0.0, child-count=2}
|
+--&gt;ViewStub{id=16908720, res-name=action_mode_bar_stub, visibility=GONE, width=0, height=0, has-focus=false, has-focusable=false, has-window-focus=true, is-clickable=false, is-enabled=true, is-focused=false, is-focusable=false, is-layout-requested=true, is-selected=false, layout-params=android.widget.LinearLayout$LayoutParams&#64;bd90fee, tag=null, root-is-layout-requested=false, has-input-connection=false, x=0.0, y=0.0}
|
+--&gt;FrameLayout{id=-1, visibility=VISIBLE, width=1080, height=2063, has-focus=false, has-focusable=true, has-window-focus=true, is-clickable=false, is-enabled=true, is-focused=false, is-focusable=false, is-layout-requested=false, is-selected=false, layout-params=android.widget.LinearLayout$LayoutParams&#64;414cb1c, tag=null, root-is-layout-requested=false, has-input-connection=false, x=0.0, y=145.0, child-count=1}
|
+---&gt;ActionBarOverlayLayout{id=2131230866, res-name=decor_content_parent, visibility=VISIBLE, width=1080, height=2063, has-focus=false, has-focusable=true, has-window-focus=true, is-clickable=false, is-enabled=true, is-focused=false, is-focusable=false, is-layout-requested=false, is-selected=false, layout-params=android.widget.FrameLayout$LayoutParams&#64;b8c52ab, tag=null, root-is-layout-requested=false, has-input-connection=false, x=0.0, y=0.0, child-count=2}
|
+----&gt;ContentFrameLayout{id=16908290, res-name=content, visibility=VISIBLE, width=1080, height=1909, has-focus=false, has-focusable=true, has-window-focus=true, is-clickable=false, is-enabled=true, is-focused=false, is-focusable=false, is-layout-requested=false, is-selected=false, layout-params=androidx.appcompat.widget.ActionBarOverlayLayout$LayoutParams&#64;5adca1, tag=null, root-is-layout-requested=false, has-input-connection=false, x=0.0, y=154.0, child-count=1}
|
+-----&gt;FrameLayout{id=-1, visibility=VISIBLE, width=1080, height=1909, has-focus=false, has-focusable=true, has-window-focus=true, is-clickable=false, is-enabled=true, is-focused=false, is-focusable=false, is-layout-requested=false, is-selected=false, layout-params=android.widget.FrameLayout$LayoutParams&#64;1bb6e87, tag=null, root-is-layout-requested=false, has-input-connection=false, x=0.0, y=0.0, child-count=1}
|
+------&gt;RecyclerView{id=2131230933, res-name=grid_recycler_view, visibility=VISIBLE, width=1080, height=1909, has-focus=false, has-focusable=true, has-window-focus=true, is-clickable=false, is-enabled=true, is-focused=false, is-focusable=true, is-layout-requested=false, is-selected=false, layout-params=android.widget.FrameLayout$LayoutParams&#64;be561b4, tag=null, root-is-layout-requested=false, has-input-connection=false, x=0.0, y=0.0, child-count=0}
|
+----&gt;ActionBarContainer{id=2131230774, res-name=action_bar_container, visibility=VISIBLE, width=1080, height=154, has-focus=false, has-focusable=false, has-window-focus=true, is-clickable=false, is-enabled=true, is-focused=false, is-focusable=false, is-layout-requested=false, is-selected=false, layout-params=androidx.appcompat.widget.ActionBarOverlayLayout$LayoutParams&#64;8d66c23, tag=null, root-is-layout-requested=false, has-input-connection=false, x=0.0, y=0.0, child-count=2}
|
+-----&gt;Toolbar{id=2131230772, res-name=action_bar, visibility=VISIBLE, width=1080, height=154, has-focus=false, has-focusable=false, has-window-focus=true, is-clickable=false, is-enabled=true, is-focused=false, is-focusable=false, is-layout-requested=false, is-selected=false, layout-params=android.widget.FrameLayout$LayoutParams&#64;f19a77f, tag=null, root-is-layout-requested=false, has-input-connection=false, x=0.0, y=0.0, child-count=3}
|
+------&gt;AppCompatTextView{id=-1, visibility=VISIBLE, width=219, height=74, has-focus=false, has-focusable=false, has-window-focus=true, is-clickable=false, is-enabled=true, is-focused=false, is-focusable=false, is-layout-requested=false, is-selected=false, layout-params=androidx.appcompat.widget.Toolbar$LayoutParams&#64;a2f334c, tag=null, root-is-layout-requested=false, has-input-connection=false, x=198.0, y=40.0, text=Dogglers, input-type=0, ime-target=false, has-links=false}
|
+------&gt;AppCompatImageButton{id=-1, desc=Navigate up, visibility=VISIBLE, width=154, height=154, has-focus=false, has-focusable=false, has-window-focus=true, is-clickable=true, is-enabled=true, is-focused=false, is-focusable=true, is-layout-requested=false, is-selected=false, layout-params=androidx.appcompat.widget.Toolbar$LayoutParams&#64;822f95, tag=null, root-is-layout-requested=false, has-input-connection=false, x=0.0, y=0.0}
|
+------&gt;ActionMenuView{id=-1, visibility=VISIBLE, width=0, height=154, has-focus=false, has-focusable=false, has-window-focus=true, is-clickable=false, is-enabled=true, is-focused=false, is-focusable=false, is-layout-requested=false, is-selected=false, layout-params=androidx.appcompat.widget.Toolbar$LayoutParams&#64;42bd8aa, tag=null, root-is-layout-requested=false, has-input-connection=false, x=1080.0, y=0.0, child-count=0}
|
+-----&gt;ActionBarContextView{id=2131230780, res-name=action_context_bar, visibility=GONE, width=0, height=0, has-focus=false, has-focusable=false, has-window-focus=true, is-clickable=false, is-enabled=true, is-focused=false, is-focusable=false, is-layout-requested=true, is-selected=false, layout-params=android.widget.FrameLayout$LayoutParams&#64;2b3c9b, tag=null, root-is-layout-requested=false, has-input-connection=false, x=0.0, y=0.0, child-count=0}
|
+-&gt;View{id=16908336, res-name=navigationBarBackground, visibility=VISIBLE, width=1080, height=132, has-focus=false, has-focusable=false, has-window-focus=true, is-clickable=false, is-enabled=true, is-focused=false, is-focusable=false, is-layout-requested=false, is-selected=false, layout-params=android.widget.FrameLayout$LayoutParams&#64;9c23838, tag=null, root-is-layout-requested=false, has-input-connection=false, x=0.0, y=2208.0}
|
+-&gt;View{id=16908335, res-name=statusBarBackground, visibility=VISIBLE, width=1080, height=145, has-focus=false, has-focusable=false, has-window-focus=true, is-clickable=false, is-enabled=true, is-focused=false, is-focusable=false, is-layout-requested=false, is-selected=false, layout-params=android.widget.FrameLayout$LayoutParams&#64;8233011, tag=null, root-is-layout-requested=false, has-input-connection=false, x=0.0, y=0.0}
at dalvik.system.VMStack.getThreadStackTrace(Native Method)
at java.lang.Thread.getStackTrace(Thread.java:1724)
at androidx.test.espresso.base.DefaultFailureHandler.getUserFriendlyError(DefaultFailureHandler.java:12)
at androidx.test.espresso.base.DefaultFailureHandler.handle(DefaultFailureHandler.java:7)
at androidx.test.espresso.ViewInteraction.waitForAndHandleInteractionResults(ViewInteraction.java:8)
at androidx.test.espresso.ViewInteraction.check(ViewInteraction.java:12)
at com.example.dogglers.GridListTests.vertical_scrolling(GridListTests.kt:61)</failure>
  </testcase>
  <testcase name="grid_list_content_at_last_position" classname="com.example.dogglers.GridListTests" time="1.251">
    <failure>androidx.test.espresso.NoMatchingViewException: No views in hierarchy found matching: an instance of android.widget.TextView and view.getText() with or without transformation to match: is "Bella"

View Hierarchy:
+&gt;DecorView{id=-1, visibility=VISIBLE, width=1080, height=2340, has-focus=false, has-focusable=true, has-window-focus=true, is-clickable=false, is-enabled=true, is-focused=false, is-focusable=false, is-layout-requested=false, is-selected=false, layout-params={(0,0)(fillxfill) ty=BASE_APPLICATION wanim=0x10302fe
fl=LAYOUT_IN_SCREEN LAYOUT_INSET_DECOR SPLIT_TOUCH HARDWARE_ACCELERATED DRAWS_SYSTEM_BAR_BACKGROUNDS
pfl=NO_MOVE_ANIMATION FORCE_DRAW_STATUS_BAR_BACKGROUND FIT_INSETS_CONTROLLED
bhv=DEFAULT
fitSides=}, tag=null, root-is-layout-requested=false, has-input-connection=false, x=0.0, y=0.0, child-count=3}
|
+-&gt;LinearLayout{id=-1, visibility=VISIBLE, width=1080, height=2208, has-focus=false, has-focusable=true, has-window-focus=true, is-clickable=false, is-enabled=true, is-focused=false, is-focusable=false, is-layout-requested=false, is-selected=false, layout-params=android.widget.FrameLayout$LayoutParams&#64;848d0a4, tag=null, root-is-layout-requested=false, has-input-connection=false, x=0.0, y=0.0, child-count=2}
|
+--&gt;ViewStub{id=16908720, res-name=action_mode_bar_stub, visibility=GONE, width=0, height=0, has-focus=false, has-focusable=false, has-window-focus=true, is-clickable=false, is-enabled=true, is-focused=false, is-focusable=false, is-layout-requested=true, is-selected=false, layout-params=android.widget.LinearLayout$LayoutParams&#64;96afe0d, tag=null, root-is-layout-requested=false, has-input-connection=false, x=0.0, y=0.0}
|
+--&gt;FrameLayout{id=-1, visibility=VISIBLE, width=1080, height=2063, has-focus=false, has-focusable=true, has-window-focus=true, is-clickable=false, is-enabled=true, is-focused=false, is-focusable=false, is-layout-requested=false, is-selected=false, layout-params=android.widget.LinearLayout$LayoutParams&#64;bcc1bd3, tag=null, root-is-layout-requested=false, has-input-connection=false, x=0.0, y=145.0, child-count=1}
|
+---&gt;ActionBarOverlayLayout{id=2131230866, res-name=decor_content_parent, visibility=VISIBLE, width=1080, height=2063, has-focus=false, has-focusable=true, has-window-focus=true, is-clickable=false, is-enabled=true, is-focused=false, is-focusable=false, is-layout-requested=false, is-selected=false, layout-params=android.widget.FrameLayout$LayoutParams&#64;8c9c80e, tag=null, root-is-layout-requested=false, has-input-connection=false, x=0.0, y=0.0, child-count=2}
|
+----&gt;ContentFrameLayout{id=16908290, res-name=content, visibility=VISIBLE, width=1080, height=1909, has-focus=false, has-focusable=true, has-window-focus=true, is-clickable=false, is-enabled=true, is-focused=false, is-focusable=false, is-layout-requested=false, is-selected=false, layout-params=androidx.appcompat.widget.ActionBarOverlayLayout$LayoutParams&#64;5d3903c, tag=null, root-is-layout-requested=false, has-input-connection=false, x=0.0, y=154.0, child-count=1}
|
+-----&gt;FrameLayout{id=-1, visibility=VISIBLE, width=1080, height=1909, has-focus=false, has-focusable=true, has-window-focus=true, is-clickable=false, is-enabled=true, is-focused=false, is-focusable=false, is-layout-requested=false, is-selected=false, layout-params=android.widget.FrameLayout$LayoutParams&#64;a5e571a, tag=null, root-is-layout-requested=false, has-input-connection=false, x=0.0, y=0.0, child-count=1}
|
+------&gt;RecyclerView{id=2131230933, res-name=grid_recycler_view, visibility=VISIBLE, width=1080, height=1909, has-focus=false, has-focusable=true, has-window-focus=true, is-clickable=false, is-enabled=true, is-focused=false, is-focusable=true, is-layout-requested=false, is-selected=false, layout-params=android.widget.FrameLayout$LayoutParams&#64;d1324b, tag=null, root-is-layout-requested=false, has-input-connection=false, x=0.0, y=0.0, child-count=0}
|
+----&gt;ActionBarContainer{id=2131230774, res-name=action_bar_container, visibility=VISIBLE, width=1080, height=154, has-focus=false, has-focusable=false, has-window-focus=true, is-clickable=false, is-enabled=true, is-focused=false, is-focusable=false, is-layout-requested=false, is-selected=false, layout-params=androidx.appcompat.widget.ActionBarOverlayLayout$LayoutParams&#64;a7acae6, tag=null, root-is-layout-requested=false, has-input-connection=false, x=0.0, y=0.0, child-count=2}
|
+-----&gt;Toolbar{id=2131230772, res-name=action_bar, visibility=VISIBLE, width=1080, height=154, has-focus=false, has-focusable=false, has-window-focus=true, is-clickable=false, is-enabled=true, is-focused=false, is-focusable=false, is-layout-requested=false, is-selected=false, layout-params=android.widget.FrameLayout$LayoutParams&#64;898af72, tag=null, root-is-layout-requested=false, has-input-connection=false, x=0.0, y=0.0, child-count=3}
|
+------&gt;AppCompatTextView{id=-1, visibility=VISIBLE, width=219, height=74, has-focus=false, has-focusable=false, has-window-focus=true, is-clickable=false, is-enabled=true, is-focused=false, is-focusable=false, is-layout-requested=false, is-selected=false, layout-params=androidx.appcompat.widget.Toolbar$LayoutParams&#64;2a39fc3, tag=null, root-is-layout-requested=false, has-input-connection=false, x=198.0, y=40.0, text=Dogglers, input-type=0, ime-target=false, has-links=false}
|
+------&gt;AppCompatImageButton{id=-1, desc=Navigate up, visibility=VISIBLE, width=154, height=154, has-focus=false, has-focusable=false, has-window-focus=true, is-clickable=true, is-enabled=true, is-focused=false, is-focusable=true, is-layout-requested=false, is-selected=false, layout-params=androidx.appcompat.widget.Toolbar$LayoutParams&#64;e2aa040, tag=null, root-is-layout-requested=false, has-input-connection=false, x=0.0, y=0.0}
|
+------&gt;ActionMenuView{id=-1, visibility=VISIBLE, width=0, height=154, has-focus=false, has-focusable=false, has-window-focus=true, is-clickable=false, is-enabled=true, is-focused=false, is-focusable=false, is-layout-requested=false, is-selected=false, layout-params=androidx.appcompat.widget.Toolbar$LayoutParams&#64;679eb79, tag=null, root-is-layout-requested=false, has-input-connection=false, x=1080.0, y=0.0, child-count=0}
|
+-----&gt;ActionBarContextView{id=2131230780, res-name=action_context_bar, visibility=GONE, width=0, height=0, has-focus=false, has-focusable=false, has-window-focus=true, is-clickable=false, is-enabled=true, is-focused=false, is-focusable=false, is-layout-requested=true, is-selected=false, layout-params=android.widget.FrameLayout$LayoutParams&#64;3e50be, tag=null, root-is-layout-requested=false, has-input-connection=false, x=0.0, y=0.0, child-count=0}
|
+-&gt;View{id=16908336, res-name=navigationBarBackground, visibility=VISIBLE, width=1080, height=132, has-focus=false, has-focusable=false, has-window-focus=true, is-clickable=false, is-enabled=true, is-focused=false, is-focusable=false, is-layout-requested=false, is-selected=false, layout-params=android.widget.FrameLayout$LayoutParams&#64;816751f, tag=null, root-is-layout-requested=false, has-input-connection=false, x=0.0, y=2208.0}
|
+-&gt;View{id=16908335, res-name=statusBarBackground, visibility=VISIBLE, width=1080, height=145, has-focus=false, has-focusable=false, has-window-focus=true, is-clickable=false, is-enabled=true, is-focused=false, is-focusable=false, is-layout-requested=false, is-selected=false, layout-params=android.widget.FrameLayout$LayoutParams&#64;e39806c, tag=null, root-is-layout-requested=false, has-input-connection=false, x=0.0, y=0.0}
at dalvik.system.VMStack.getThreadStackTrace(Native Method)
at java.lang.Thread.getStackTrace(Thread.java:1724)
at androidx.test.espresso.base.DefaultFailureHandler.getUserFriendlyError(DefaultFailureHandler.java:12)
at androidx.test.espresso.base.DefaultFailureHandler.handle(DefaultFailureHandler.java:7)
at androidx.test.espresso.ViewInteraction.waitForAndHandleInteractionResults(ViewInteraction.java:8)
at androidx.test.espresso.ViewInteraction.check(ViewInteraction.java:12)
at com.example.dogglers.GridListTests.grid_list_content_at_last_position(GridListTests.kt:54)</failure>
  </testcase>
  <testcase name="grid_list_content_at_first_position" classname="com.example.dogglers.GridListTests" time="1.019">
    <failure>androidx.test.espresso.NoMatchingViewException: No views in hierarchy found matching: an instance of android.widget.TextView and view.getText() with or without transformation to match: is "Tzeitel"

View Hierarchy:
+&gt;DecorView{id=-1, visibility=VISIBLE, width=1080, height=2340, has-focus=false, has-focusable=true, has-window-focus=true, is-clickable=false, is-enabled=true, is-focused=false, is-focusable=false, is-layout-requested=false, is-selected=false, layout-params={(0,0)(fillxfill) ty=BASE_APPLICATION wanim=0x10302fe
fl=LAYOUT_IN_SCREEN LAYOUT_INSET_DECOR SPLIT_TOUCH HARDWARE_ACCELERATED DRAWS_SYSTEM_BAR_BACKGROUNDS
pfl=NO_MOVE_ANIMATION FORCE_DRAW_STATUS_BAR_BACKGROUND FIT_INSETS_CONTROLLED
bhv=DEFAULT
fitSides=}, tag=null, root-is-layout-requested=false, has-input-connection=false, x=0.0, y=0.0, child-count=3}
|
+-&gt;LinearLayout{id=-1, visibility=VISIBLE, width=1080, height=2208, has-focus=false, has-focusable=true, has-window-focus=true, is-clickable=false, is-enabled=true, is-focused=false, is-focusable=false, is-layout-requested=false, is-selected=false, layout-params=android.widget.FrameLayout$LayoutParams&#64;fa62ff5, tag=null, root-is-layout-requested=false, has-input-connection=false, x=0.0, y=0.0, child-count=2}
|
+--&gt;ViewStub{id=16908720, res-name=action_mode_bar_stub, visibility=GONE, width=0, height=0, has-focus=false, has-focusable=false, has-window-focus=true, is-clickable=false, is-enabled=true, is-focused=false, is-focusable=false, is-layout-requested=true, is-selected=false, layout-params=android.widget.LinearLayout$LayoutParams&#64;8dd418a, tag=null, root-is-layout-requested=false, has-input-connection=false, x=0.0, y=0.0}
|
+--&gt;FrameLayout{id=-1, visibility=VISIBLE, width=1080, height=2063, has-focus=false, has-focusable=true, has-window-focus=true, is-clickable=false, is-enabled=true, is-focused=false, is-focusable=false, is-layout-requested=false, is-selected=false, layout-params=android.widget.LinearLayout$LayoutParams&#64;d5cfc18, tag=null, root-is-layout-requested=false, has-input-connection=false, x=0.0, y=145.0, child-count=1}
|
+---&gt;ActionBarOverlayLayout{id=2131230866, res-name=decor_content_parent, visibility=VISIBLE, width=1080, height=2063, has-focus=false, has-focusable=true, has-window-focus=true, is-clickable=false, is-enabled=true, is-focused=false, is-focusable=false, is-layout-requested=false, is-selected=false, layout-params=android.widget.FrameLayout$LayoutParams&#64;a9c04d7, tag=null, root-is-layout-requested=false, has-input-connection=false, x=0.0, y=0.0, child-count=2}
|
+----&gt;ContentFrameLayout{id=16908290, res-name=content, visibility=VISIBLE, width=1080, height=1909, has-focus=false, has-focusable=true, has-window-focus=true, is-clickable=false, is-enabled=true, is-focused=false, is-focusable=false, is-layout-requested=false, is-selected=false, layout-params=androidx.appcompat.widget.ActionBarOverlayLayout$LayoutParams&#64;6d168ad, tag=null, root-is-layout-requested=false, has-input-connection=false, x=0.0, y=154.0, child-count=1}
|
+-----&gt;FrameLayout{id=-1, visibility=VISIBLE, width=1080, height=1909, has-focus=false, has-focusable=true, has-window-focus=true, is-clickable=false, is-enabled=true, is-focused=false, is-focusable=false, is-layout-requested=false, is-selected=false, layout-params=android.widget.FrameLayout$LayoutParams&#64;321773, tag=null, root-is-layout-requested=false, has-input-connection=false, x=0.0, y=0.0, child-count=1}
|
+------&gt;RecyclerView{id=2131230933, res-name=grid_recycler_view, visibility=VISIBLE, width=1080, height=1909, has-focus=false, has-focusable=true, has-window-focus=true, is-clickable=false, is-enabled=true, is-focused=false, is-focusable=true, is-layout-requested=false, is-selected=false, layout-params=android.widget.FrameLayout$LayoutParams&#64;e6b3630, tag=null, root-is-layout-requested=false, has-input-connection=false, x=0.0, y=0.0, child-count=0}
|
+----&gt;ActionBarContainer{id=2131230774, res-name=action_bar_container, visibility=VISIBLE, width=1080, height=154, has-focus=false, has-focusable=false, has-window-focus=true, is-clickable=false, is-enabled=true, is-focused=false, is-focusable=false, is-layout-requested=false, is-selected=false, layout-params=androidx.appcompat.widget.ActionBarOverlayLayout$LayoutParams&#64;a0cb7cf, tag=null, root-is-layout-requested=false, has-input-connection=false, x=0.0, y=0.0, child-count=2}
|
+-----&gt;Toolbar{id=2131230772, res-name=action_bar, visibility=VISIBLE, width=1080, height=154, has-focus=false, has-focusable=false, has-window-focus=true, is-clickable=false, is-enabled=true, is-focused=false, is-focusable=false, is-layout-requested=false, is-selected=false, layout-params=android.widget.FrameLayout$LayoutParams&#64;14701eb, tag=null, root-is-layout-requested=false, has-input-connection=false, x=0.0, y=0.0, child-count=3}
|
+------&gt;AppCompatTextView{id=-1, visibility=VISIBLE, width=219, height=74, has-focus=false, has-focusable=false, has-window-focus=true, is-clickable=false, is-enabled=true, is-focused=false, is-focusable=false, is-layout-requested=false, is-selected=false, layout-params=androidx.appcompat.widget.Toolbar$LayoutParams&#64;4939b48, tag=null, root-is-layout-requested=false, has-input-connection=false, x=198.0, y=40.0, text=Dogglers, input-type=0, ime-target=false, has-links=false}
|
+------&gt;AppCompatImageButton{id=-1, desc=Navigate up, visibility=VISIBLE, width=154, height=154, has-focus=false, has-focusable=false, has-window-focus=true, is-clickable=true, is-enabled=true, is-focused=false, is-focusable=true, is-layout-requested=false, is-selected=false, layout-params=androidx.appcompat.widget.Toolbar$LayoutParams&#64;dd93de1, tag=null, root-is-layout-requested=false, has-input-connection=false, x=0.0, y=0.0}
|
+------&gt;ActionMenuView{id=-1, visibility=VISIBLE, width=0, height=154, has-focus=false, has-focusable=false, has-window-focus=true, is-clickable=false, is-enabled=true, is-focused=false, is-focusable=false, is-layout-requested=false, is-selected=false, layout-params=androidx.appcompat.widget.Toolbar$LayoutParams&#64;3601706, tag=null, root-is-layout-requested=false, has-input-connection=false, x=1080.0, y=0.0, child-count=0}
|
+-----&gt;ActionBarContextView{id=2131230780, res-name=action_context_bar, visibility=GONE, width=0, height=0, has-focus=false, has-focusable=false, has-window-focus=true, is-clickable=false, is-enabled=true, is-focused=false, is-focusable=false, is-layout-requested=true, is-selected=false, layout-params=android.widget.FrameLayout$LayoutParams&#64;b91d1c7, tag=null, root-is-layout-requested=false, has-input-connection=false, x=0.0, y=0.0, child-count=0}
|
+-&gt;View{id=16908336, res-name=navigationBarBackground, visibility=VISIBLE, width=1080, height=132, has-focus=false, has-focusable=false, has-window-focus=true, is-clickable=false, is-enabled=true, is-focused=false, is-focusable=false, is-layout-requested=false, is-selected=false, layout-params=android.widget.FrameLayout$LayoutParams&#64;1eb23f4, tag=null, root-is-layout-requested=false, has-input-connection=false, x=0.0, y=2208.0}
|
+-&gt;View{id=16908335, res-name=statusBarBackground, visibility=VISIBLE, width=1080, height=145, has-focus=false, has-focusable=false, has-window-focus=true, is-clickable=false, is-enabled=true, is-focused=false, is-focusable=false, is-layout-requested=false, is-selected=false, layout-params=android.widget.FrameLayout$LayoutParams&#64;8cad71d, tag=null, root-is-layout-requested=false, has-input-connection=false, x=0.0, y=0.0}
at dalvik.system.VMStack.getThreadStackTrace(Native Method)
at java.lang.Thread.getStackTrace(Thread.java:1724)
at androidx.test.espresso.base.DefaultFailureHandler.getUserFriendlyError(DefaultFailureHandler.java:12)
at androidx.test.espresso.base.DefaultFailureHandler.handle(DefaultFailureHandler.java:7)
at androidx.test.espresso.ViewInteraction.waitForAndHandleInteractionResults(ViewInteraction.java:8)
at androidx.test.espresso.ViewInteraction.check(ViewInteraction.java:12)
at com.example.dogglers.BaseTest.hasListItemContent(BaseTest.kt:57)
at com.example.dogglers.BaseTest.checkFirstPosition(BaseTest.kt:70)
at com.example.dogglers.GridListTests.grid_list_content_at_first_position(GridListTests.kt:42)</failure>
  </testcase>
  <testcase name="recycler_view_item_count" classname="com.example.dogglers.HorizontalListTests" time="1.215">
    <failure>androidx.test.espresso.base.DefaultFailureHandler$AssertionFailedWithCauseError: RecyclerView item count
Expected: &lt;6&gt;
Got: was &lt;0&gt;

at dalvik.system.VMStack.getThreadStackTrace(Native Method)
at java.lang.Thread.getStackTrace(Thread.java:1724)
at androidx.test.espresso.base.DefaultFailureHandler.getUserFriendlyError(DefaultFailureHandler.java:12)
at androidx.test.espresso.base.DefaultFailureHandler.handle(DefaultFailureHandler.java:7)
at androidx.test.espresso.ViewInteraction.waitForAndHandleInteractionResults(ViewInteraction.java:5)
at androidx.test.espresso.ViewInteraction.check(ViewInteraction.java:12)
at com.example.dogglers.HorizontalListTests.recycler_view_item_count(HorizontalListTests.kt:61)
... 29 trimmed
Caused by: junit.framework.AssertionFailedError: RecyclerView item count
Expected: &lt;6&gt;
Got: was &lt;0&gt;

at androidx.test.espresso.matcher.ViewMatchers.assertThat(ViewMatchers.java:16)
at com.example.dogglers.BaseTest$DrawableMatcher$RecyclerViewAssertion.check(BaseTest.kt:163)
at androidx.test.espresso.ViewInteraction$SingleExecutionViewAssertion.check(ViewInteraction.java:2)
at androidx.test.espresso.ViewInteraction$2.call(ViewInteraction.java:12)
at androidx.test.espresso.ViewInteraction$2.call(ViewInteraction.java:1)
at java.util.concurrent.FutureTask.run(FutureTask.java:266)
at android.os.Handler.handleCallback(Handler.java:938)
at android.os.Handler.dispatchMessage(Handler.java:99)
at android.os.Looper.loopOnce(Looper.java:201)
at android.os.Looper.loop(Looper.java:288)
at android.app.ActivityThread.main(ActivityThread.java:7839)
at java.lang.reflect.Method.invoke(Native Method)
at com.android.internal.os.RuntimeInit$MethodAndArgsCaller.run(RuntimeInit.java:548)
at com.android.internal.os.ZygoteInit.main(ZygoteInit.java:1003)</failure>
  </testcase>
  <testcase name="horizontal_scrolling" classname="com.example.dogglers.HorizontalListTests" time="1.223">
    <failure>androidx.test.espresso.PerformException: Error performing 'fast swipe' on view 'Animations or transitions are enabled on the target device.
For more info check: https://developer.android.com/training/testing/espresso/setup#set-up-environment

view.getId() is &lt;2131230945/com.example.dogglers:id/horizontal_recycler_view&gt;'.
at androidx.test.espresso.PerformException$Builder.build(PerformException.java:1)
at androidx.test.espresso.base.DefaultFailureHandler.getUserFriendlyError(DefaultFailureHandler.java:9)
at androidx.test.espresso.base.DefaultFailureHandler.handle(DefaultFailureHandler.java:7)
at androidx.test.espresso.ViewInteraction.waitForAndHandleInteractionResults(ViewInteraction.java:8)
at androidx.test.espresso.ViewInteraction.desugaredPerform(ViewInteraction.java:11)
at androidx.test.espresso.ViewInteraction.perform(ViewInteraction.java:4)
at com.example.dogglers.HorizontalListTests.horizontal_scrolling(HorizontalListTests.kt:55)
... 29 trimmed
Caused by: java.lang.RuntimeException: Action will not be performed because the target view does not match one or more of the following constraints:
(view has effective visibility &lt;VISIBLE&gt; and view.getGlobalVisibleRect() covers at least &lt;90&gt; percent of the view's area)
Target view: "RecyclerView{id=2131230945, res-name=horizontal_recycler_view, visibility=VISIBLE, width=1080, height=0, has-focus=false, has-focusable=true, has-window-focus=true, is-clickable=false, is-enabled=true, is-focused=false, is-focusable=true, is-layout-requested=false, is-selected=false, layout-params=android.widget.FrameLayout$LayoutParams&#64;d4d16dc, tag=null, root-is-layout-requested=false, has-input-connection=false, x=0.0, y=954.0, child-count=0}"
at androidx.test.espresso.ViewInteraction.doPerform(ViewInteraction.java:20)
at androidx.test.espresso.ViewInteraction.access$100(ViewInteraction.java:1)
at androidx.test.espresso.ViewInteraction$1.call(ViewInteraction.java:2)
at androidx.test.espresso.ViewInteraction$1.call(ViewInteraction.java:1)
at java.util.concurrent.FutureTask.run(FutureTask.java:266)
at android.os.Handler.handleCallback(Handler.java:938)
at android.os.Handler.dispatchMessage(Handler.java:99)
at android.os.Looper.loopOnce(Looper.java:201)
at android.os.Looper.loop(Looper.java:288)
at android.app.ActivityThread.main(ActivityThread.java:7839)
at java.lang.reflect.Method.invoke(Native Method)
at com.android.internal.os.RuntimeInit$MethodAndArgsCaller.run(RuntimeInit.java:548)
at com.android.internal.os.ZygoteInit.main(ZygoteInit.java:1003)</failure>
  </testcase>
  <testcase name="horizontal_scroll_content_at_last_position" classname="com.example.dogglers.HorizontalListTests" time="1.089">
    <failure>androidx.test.espresso.PerformException: Error performing 'scroll RecyclerView to position: 5' on view 'Animations or transitions are enabled on the target device.
For more info check: https://developer.android.com/training/testing/espresso/setup#set-up-environment

view.getId() is &lt;2131230945/com.example.dogglers:id/horizontal_recycler_view&gt;'.
at androidx.test.espresso.PerformException$Builder.build(PerformException.java:1)
at androidx.test.espresso.base.DefaultFailureHandler.getUserFriendlyError(DefaultFailureHandler.java:9)
at androidx.test.espresso.base.DefaultFailureHandler.handle(DefaultFailureHandler.java:7)
at androidx.test.espresso.ViewInteraction.waitForAndHandleInteractionResults(ViewInteraction.java:8)
at androidx.test.espresso.ViewInteraction.desugaredPerform(ViewInteraction.java:11)
at androidx.test.espresso.ViewInteraction.perform(ViewInteraction.java:4)
at com.example.dogglers.HorizontalListTests.horizontal_scroll_content_at_last_position(HorizontalListTests.kt:48)
... 29 trimmed
Caused by: java.lang.RuntimeException: Action will not be performed because the target view does not match one or more of the following constraints:
(is assignable from class &lt;class androidx.recyclerview.widget.RecyclerView&gt; and (view has effective visibility &lt;VISIBLE&gt; and view.getGlobalVisibleRect() to return non-empty rectangle))
Target view: "RecyclerView{id=2131230945, res-name=horizontal_recycler_view, visibility=VISIBLE, width=1080, height=0, has-focus=false, has-focusable=true, has-window-focus=true, is-clickable=false, is-enabled=true, is-focused=false, is-focusable=true, is-layout-requested=false, is-selected=false, layout-params=android.widget.FrameLayout$LayoutParams&#64;9cb1be9, tag=null, root-is-layout-requested=false, has-input-connection=false, x=0.0, y=954.0, child-count=0}"
at androidx.test.espresso.ViewInteraction.doPerform(ViewInteraction.java:20)
at androidx.test.espresso.ViewInteraction.access$100(ViewInteraction.java:1)
at androidx.test.espresso.ViewInteraction$1.call(ViewInteraction.java:2)
at androidx.test.espresso.ViewInteraction$1.call(ViewInteraction.java:1)
at java.util.concurrent.FutureTask.run(FutureTask.java:266)
at android.os.Handler.handleCallback(Handler.java:938)
at android.os.Handler.dispatchMessage(Handler.java:99)
at android.os.Looper.loopOnce(Looper.java:201)
at android.os.Looper.loop(Looper.java:288)
at android.app.ActivityThread.main(ActivityThread.java:7839)
at java.lang.reflect.Method.invoke(Native Method)
at com.android.internal.os.RuntimeInit$MethodAndArgsCaller.run(RuntimeInit.java:548)
at com.android.internal.os.ZygoteInit.main(ZygoteInit.java:1003)</failure>
  </testcase>
  <testcase name="horizontal_scroll_content_at_first_position" classname="com.example.dogglers.HorizontalListTests" time="1.198">
    <failure>androidx.test.espresso.NoMatchingViewException: No views in hierarchy found matching: an instance of android.widget.TextView and view.getText() with or without transformation to match: is "Tzeitel"

View Hierarchy:
+&gt;DecorView{id=-1, visibility=VISIBLE, width=1080, height=2340, has-focus=false, has-focusable=true, has-window-focus=true, is-clickable=false, is-enabled=true, is-focused=false, is-focusable=false, is-layout-requested=false, is-selected=false, layout-params={(0,0)(fillxfill) ty=BASE_APPLICATION wanim=0x10302fe
fl=LAYOUT_IN_SCREEN LAYOUT_INSET_DECOR SPLIT_TOUCH HARDWARE_ACCELERATED DRAWS_SYSTEM_BAR_BACKGROUNDS
pfl=NO_MOVE_ANIMATION FORCE_DRAW_STATUS_BAR_BACKGROUND FIT_INSETS_CONTROLLED
bhv=DEFAULT
fitSides=}, tag=null, root-is-layout-requested=false, has-input-connection=false, x=0.0, y=0.0, child-count=3}
|
+-&gt;LinearLayout{id=-1, visibility=VISIBLE, width=1080, height=2208, has-focus=false, has-focusable=true, has-window-focus=true, is-clickable=false, is-enabled=true, is-focused=false, is-focusable=false, is-layout-requested=false, is-selected=false, layout-params=android.widget.FrameLayout$LayoutParams&#64;50d86cf, tag=null, root-is-layout-requested=false, has-input-connection=false, x=0.0, y=0.0, child-count=2}
|
+--&gt;ViewStub{id=16908720, res-name=action_mode_bar_stub, visibility=GONE, width=0, height=0, has-focus=false, has-focusable=false, has-window-focus=true, is-clickable=false, is-enabled=true, is-focused=false, is-focusable=false, is-layout-requested=true, is-selected=false, layout-params=android.widget.LinearLayout$LayoutParams&#64;8efa85c, tag=null, root-is-layout-requested=false, has-input-connection=false, x=0.0, y=0.0}
|
+--&gt;FrameLayout{id=-1, visibility=VISIBLE, width=1080, height=2063, has-focus=false, has-focusable=true, has-window-focus=true, is-clickable=false, is-enabled=true, is-focused=false, is-focusable=false, is-layout-requested=false, is-selected=false, layout-params=android.widget.LinearLayout$LayoutParams&#64;ba77c3a, tag=null, root-is-layout-requested=false, has-input-connection=false, x=0.0, y=145.0, child-count=1}
|
+---&gt;ActionBarOverlayLayout{id=2131230866, res-name=decor_content_parent, visibility=VISIBLE, width=1080, height=2063, has-focus=false, has-focusable=true, has-window-focus=true, is-clickable=false, is-enabled=true, is-focused=false, is-focusable=false, is-layout-requested=false, is-selected=false, layout-params=android.widget.FrameLayout$LayoutParams&#64;bfb94e1, tag=null, root-is-layout-requested=false, has-input-connection=false, x=0.0, y=0.0, child-count=2}
|
+----&gt;ContentFrameLayout{id=16908290, res-name=content, visibility=VISIBLE, width=1080, height=1909, has-focus=false, has-focusable=true, has-window-focus=true, is-clickable=false, is-enabled=true, is-focused=false, is-focusable=false, is-layout-requested=false, is-selected=false, layout-params=androidx.appcompat.widget.ActionBarOverlayLayout$LayoutParams&#64;dfd80c7, tag=null, root-is-layout-requested=false, has-input-connection=false, x=0.0, y=154.0, child-count=1}
|
+-----&gt;FrameLayout{id=-1, visibility=VISIBLE, width=1080, height=1909, has-focus=false, has-focusable=true, has-window-focus=true, is-clickable=false, is-enabled=true, is-focused=false, is-focusable=false, is-layout-requested=false, is-selected=false, layout-params=android.widget.FrameLayout$LayoutParams&#64;c3b9e1d, tag=null, root-is-layout-requested=false, has-input-connection=false, x=0.0, y=0.0, child-count=1}
|
+------&gt;RecyclerView{id=2131230945, res-name=horizontal_recycler_view, visibility=VISIBLE, width=1080, height=0, has-focus=false, has-focusable=true, has-window-focus=true, is-clickable=false, is-enabled=true, is-focused=false, is-focusable=true, is-layout-requested=false, is-selected=false, layout-params=android.widget.FrameLayout$LayoutParams&#64;6fd5892, tag=null, root-is-layout-requested=false, has-input-connection=false, x=0.0, y=954.0, child-count=0}
|
+----&gt;ActionBarContainer{id=2131230774, res-name=action_bar_container, visibility=VISIBLE, width=1080, height=154, has-focus=false, has-focusable=false, has-window-focus=true, is-clickable=false, is-enabled=true, is-focused=false, is-focusable=false, is-layout-requested=false, is-selected=false, layout-params=androidx.appcompat.widget.ActionBarOverlayLayout$LayoutParams&#64;478ff19, tag=null, root-is-layout-requested=false, has-input-connection=false, x=0.0, y=0.0, child-count=2}
|
+-----&gt;Toolbar{id=2131230772, res-name=action_bar, visibility=VISIBLE, width=1080, height=154, has-focus=false, has-focusable=false, has-window-focus=true, is-clickable=false, is-enabled=true, is-focused=false, is-focusable=false, is-layout-requested=false, is-selected=false, layout-params=android.widget.FrameLayout$LayoutParams&#64;19173d5, tag=null, root-is-layout-requested=false, has-input-connection=false, x=0.0, y=0.0, child-count=3}
|
+------&gt;AppCompatTextView{id=-1, visibility=VISIBLE, width=219, height=74, has-focus=false, has-focusable=false, has-window-focus=true, is-clickable=false, is-enabled=true, is-focused=false, is-focusable=false, is-layout-requested=false, is-selected=false, layout-params=androidx.appcompat.widget.Toolbar$LayoutParams&#64;7f767ea, tag=null, root-is-layout-requested=false, has-input-connection=false, x=198.0, y=40.0, text=Dogglers, input-type=0, ime-target=false, has-links=false}
|
+------&gt;AppCompatImageButton{id=-1, desc=Navigate up, visibility=VISIBLE, width=154, height=154, has-focus=false, has-focusable=false, has-window-focus=true, is-clickable=true, is-enabled=true, is-focused=false, is-focusable=true, is-layout-requested=false, is-selected=false, layout-params=androidx.appcompat.widget.Toolbar$LayoutParams&#64;efcbadb, tag=null, root-is-layout-requested=false, has-input-connection=false, x=0.0, y=0.0}
|
+------&gt;ActionMenuView{id=-1, visibility=VISIBLE, width=0, height=154, has-focus=false, has-focusable=false, has-window-focus=true, is-clickable=false, is-enabled=true, is-focused=false, is-focusable=false, is-layout-requested=false, is-selected=false, layout-params=androidx.appcompat.widget.Toolbar$LayoutParams&#64;2ec7978, tag=null, root-is-layout-requested=false, has-input-connection=false, x=1080.0, y=0.0, child-count=0}
|
+-----&gt;ActionBarContextView{id=2131230780, res-name=action_context_bar, visibility=GONE, width=0, height=0, has-focus=false, has-focusable=false, has-window-focus=true, is-clickable=false, is-enabled=true, is-focused=false, is-focusable=false, is-layout-requested=true, is-selected=false, layout-params=android.widget.FrameLayout$LayoutParams&#64;6827851, tag=null, root-is-layout-requested=false, has-input-connection=false, x=0.0, y=0.0, child-count=0}
|
+-&gt;View{id=16908336, res-name=navigationBarBackground, visibility=VISIBLE, width=1080, height=132, has-focus=false, has-focusable=false, has-window-focus=true, is-clickable=false, is-enabled=true, is-focused=false, is-focusable=false, is-layout-requested=false, is-selected=false, layout-params=android.widget.FrameLayout$LayoutParams&#64;5dc18b6, tag=null, root-is-layout-requested=false, has-input-connection=false, x=0.0, y=2208.0}
|
+-&gt;View{id=16908335, res-name=statusBarBackground, visibility=VISIBLE, width=1080, height=145, has-focus=false, has-focusable=false, has-window-focus=true, is-clickable=false, is-enabled=true, is-focused=false, is-focusable=false, is-layout-requested=false, is-selected=false, layout-params=android.widget.FrameLayout$LayoutParams&#64;10229b7, tag=null, root-is-layout-requested=false, has-input-connection=false, x=0.0, y=0.0}
at dalvik.system.VMStack.getThreadStackTrace(Native Method)
at java.lang.Thread.getStackTrace(Thread.java:1724)
at androidx.test.espresso.base.DefaultFailureHandler.getUserFriendlyError(DefaultFailureHandler.java:12)
at androidx.test.espresso.base.DefaultFailureHandler.handle(DefaultFailureHandler.java:7)
at androidx.test.espresso.ViewInteraction.waitForAndHandleInteractionResults(ViewInteraction.java:8)
at androidx.test.espresso.ViewInteraction.check(ViewInteraction.java:12)
at com.example.dogglers.BaseTest.hasListItemContent(BaseTest.kt:57)
at com.example.dogglers.BaseTest.checkFirstPosition(BaseTest.kt:70)
at com.example.dogglers.HorizontalListTests.horizontal_scroll_content_at_first_position(HorizontalListTests.kt:42)</failure>
  </testcase>
  <testcase name="recycler_view_item_count" classname="com.example.dogglers.VerticalListTests" time="1.087">
    <failure>androidx.test.espresso.base.DefaultFailureHandler$AssertionFailedWithCauseError: RecyclerView item count
Expected: &lt;6&gt;
Got: was &lt;0&gt;

at dalvik.system.VMStack.getThreadStackTrace(Native Method)
at java.lang.Thread.getStackTrace(Thread.java:1724)
at androidx.test.espresso.base.DefaultFailureHandler.getUserFriendlyError(DefaultFailureHandler.java:12)
at androidx.test.espresso.base.DefaultFailureHandler.handle(DefaultFailureHandler.java:7)
at androidx.test.espresso.ViewInteraction.waitForAndHandleInteractionResults(ViewInteraction.java:5)
at androidx.test.espresso.ViewInteraction.check(ViewInteraction.java:12)
at com.example.dogglers.VerticalListTests.recycler_view_item_count(VerticalListTests.kt:61)
... 29 trimmed
Caused by: junit.framework.AssertionFailedError: RecyclerView item count
Expected: &lt;6&gt;
Got: was &lt;0&gt;

at androidx.test.espresso.matcher.ViewMatchers.assertThat(ViewMatchers.java:16)
at com.example.dogglers.BaseTest$DrawableMatcher$RecyclerViewAssertion.check(BaseTest.kt:163)
at androidx.test.espresso.ViewInteraction$SingleExecutionViewAssertion.check(ViewInteraction.java:2)
at androidx.test.espresso.ViewInteraction$2.call(ViewInteraction.java:12)
at androidx.test.espresso.ViewInteraction$2.call(ViewInteraction.java:1)
at java.util.concurrent.FutureTask.run(FutureTask.java:266)
at android.os.Handler.handleCallback(Handler.java:938)
at android.os.Handler.dispatchMessage(Handler.java:99)
at android.os.Looper.loopOnce(Looper.java:201)
at android.os.Looper.loop(Looper.java:288)
at android.app.ActivityThread.main(ActivityThread.java:7839)
at java.lang.reflect.Method.invoke(Native Method)
at com.android.internal.os.RuntimeInit$MethodAndArgsCaller.run(RuntimeInit.java:548)
at com.android.internal.os.ZygoteInit.main(ZygoteInit.java:1003)</failure>
  </testcase>
  <testcase name="vertical_scroll_content_at_last_position" classname="com.example.dogglers.VerticalListTests" time="1.046">
    <failure>androidx.test.espresso.NoMatchingViewException: No views in hierarchy found matching: an instance of android.widget.TextView and view.getText() with or without transformation to match: is "Bella"

View Hierarchy:
+&gt;DecorView{id=-1, visibility=VISIBLE, width=1080, height=2340, has-focus=false, has-focusable=true, has-window-focus=true, is-clickable=false, is-enabled=true, is-focused=false, is-focusable=false, is-layout-requested=false, is-selected=false, layout-params={(0,0)(fillxfill) ty=BASE_APPLICATION wanim=0x10302fe
fl=LAYOUT_IN_SCREEN LAYOUT_INSET_DECOR SPLIT_TOUCH HARDWARE_ACCELERATED DRAWS_SYSTEM_BAR_BACKGROUNDS
pfl=NO_MOVE_ANIMATION FORCE_DRAW_STATUS_BAR_BACKGROUND FIT_INSETS_CONTROLLED
bhv=DEFAULT
fitSides=}, tag=null, root-is-layout-requested=false, has-input-connection=false, x=0.0, y=0.0, child-count=3}
|
+-&gt;LinearLayout{id=-1, visibility=VISIBLE, width=1080, height=2208, has-focus=false, has-focusable=true, has-window-focus=true, is-clickable=false, is-enabled=true, is-focused=false, is-focusable=false, is-layout-requested=false, is-selected=false, layout-params=android.widget.FrameLayout$LayoutParams&#64;dcf02f8, tag=null, root-is-layout-requested=false, has-input-connection=false, x=0.0, y=0.0, child-count=2}
|
+--&gt;ViewStub{id=16908720, res-name=action_mode_bar_stub, visibility=GONE, width=0, height=0, has-focus=false, has-focusable=false, has-window-focus=true, is-clickable=false, is-enabled=true, is-focused=false, is-focusable=false, is-layout-requested=true, is-selected=false, layout-params=android.widget.LinearLayout$LayoutParams&#64;7dc03d1, tag=null, root-is-layout-requested=false, has-input-connection=false, x=0.0, y=0.0}
|
+--&gt;FrameLayout{id=-1, visibility=VISIBLE, width=1080, height=2063, has-focus=false, has-focusable=true, has-window-focus=true, is-clickable=false, is-enabled=true, is-focused=false, is-focusable=false, is-layout-requested=false, is-selected=false, layout-params=android.widget.LinearLayout$LayoutParams&#64;3a76137, tag=null, root-is-layout-requested=false, has-input-connection=false, x=0.0, y=145.0, child-count=1}
|
+---&gt;ActionBarOverlayLayout{id=2131230866, res-name=decor_content_parent, visibility=VISIBLE, width=1080, height=2063, has-focus=false, has-focusable=true, has-window-focus=true, is-clickable=false, is-enabled=true, is-focused=false, is-focusable=false, is-layout-requested=false, is-selected=false, layout-params=android.widget.FrameLayout$LayoutParams&#64;f9b47c2, tag=null, root-is-layout-requested=false, has-input-connection=false, x=0.0, y=0.0, child-count=2}
|
+----&gt;ContentFrameLayout{id=16908290, res-name=content, visibility=VISIBLE, width=1080, height=1909, has-focus=false, has-focusable=true, has-window-focus=true, is-clickable=false, is-enabled=true, is-focused=false, is-focusable=false, is-layout-requested=false, is-selected=false, layout-params=androidx.appcompat.widget.ActionBarOverlayLayout$LayoutParams&#64;7b3910, tag=null, root-is-layout-requested=false, has-input-connection=false, x=0.0, y=154.0, child-count=1}
|
+-----&gt;FrameLayout{id=-1, visibility=VISIBLE, width=1080, height=1909, has-focus=false, has-focusable=true, has-window-focus=true, is-clickable=false, is-enabled=true, is-focused=false, is-focusable=false, is-layout-requested=false, is-selected=false, layout-params=android.widget.FrameLayout$LayoutParams&#64;2da1e0e, tag=null, root-is-layout-requested=false, has-input-connection=false, x=0.0, y=0.0, child-count=1}
|
+------&gt;RecyclerView{id=2131231202, res-name=vertical_recycler_view, visibility=VISIBLE, width=1080, height=1909, has-focus=false, has-focusable=true, has-window-focus=true, is-clickable=false, is-enabled=true, is-focused=false, is-focusable=true, is-layout-requested=false, is-selected=false, layout-params=android.widget.FrameLayout$LayoutParams&#64;8db402f, tag=null, root-is-layout-requested=false, has-input-connection=false, x=0.0, y=0.0, child-count=0}
|
+----&gt;ActionBarContainer{id=2131230774, res-name=action_bar_container, visibility=VISIBLE, width=1080, height=154, has-focus=false, has-focusable=false, has-window-focus=true, is-clickable=false, is-enabled=true, is-focused=false, is-focusable=false, is-layout-requested=false, is-selected=false, layout-params=androidx.appcompat.widget.ActionBarOverlayLayout$LayoutParams&#64;41e0d1a, tag=null, root-is-layout-requested=false, has-input-connection=false, x=0.0, y=0.0, child-count=2}
|
+-----&gt;Toolbar{id=2131230772, res-name=action_bar, visibility=VISIBLE, width=1080, height=154, has-focus=false, has-focusable=false, has-window-focus=true, is-clickable=false, is-enabled=true, is-focused=false, is-focusable=false, is-layout-requested=false, is-selected=false, layout-params=android.widget.FrameLayout$LayoutParams&#64;f7fe0e6, tag=null, root-is-layout-requested=false, has-input-connection=false, x=0.0, y=0.0, child-count=3}
|
+------&gt;AppCompatTextView{id=-1, visibility=VISIBLE, width=219, height=74, has-focus=false, has-focusable=false, has-window-focus=true, is-clickable=false, is-enabled=true, is-focused=false, is-focusable=false, is-layout-requested=false, is-selected=false, layout-params=androidx.appcompat.widget.Toolbar$LayoutParams&#64;7dd0627, tag=null, root-is-layout-requested=false, has-input-connection=false, x=198.0, y=40.0, text=Dogglers, input-type=0, ime-target=false, has-links=false}
|
+------&gt;AppCompatImageButton{id=-1, desc=Navigate up, visibility=VISIBLE, width=154, height=154, has-focus=false, has-focusable=false, has-window-focus=true, is-clickable=true, is-enabled=true, is-focused=false, is-focusable=true, is-layout-requested=false, is-selected=false, layout-params=androidx.appcompat.widget.Toolbar$LayoutParams&#64;a25b0d4, tag=null, root-is-layout-requested=false, has-input-connection=false, x=0.0, y=0.0}
|
+------&gt;ActionMenuView{id=-1, visibility=VISIBLE, width=0, height=154, has-focus=false, has-focusable=false, has-window-focus=true, is-clickable=false, is-enabled=true, is-focused=false, is-focusable=false, is-layout-requested=false, is-selected=false, layout-params=androidx.appcompat.widget.Toolbar$LayoutParams&#64;5e5127d, tag=null, root-is-layout-requested=false, has-input-connection=false, x=1080.0, y=0.0, child-count=0}
|
+-----&gt;ActionBarContextView{id=2131230780, res-name=action_context_bar, visibility=GONE, width=0, height=0, has-focus=false, has-focusable=false, has-window-focus=true, is-clickable=false, is-enabled=true, is-focused=false, is-focusable=false, is-layout-requested=true, is-selected=false, layout-params=android.widget.FrameLayout$LayoutParams&#64;7d92572, tag=null, root-is-layout-requested=false, has-input-connection=false, x=0.0, y=0.0, child-count=0}
|
+-&gt;View{id=16908336, res-name=navigationBarBackground, visibility=VISIBLE, width=1080, height=132, has-focus=false, has-focusable=false, has-window-focus=true, is-clickable=false, is-enabled=true, is-focused=false, is-focusable=false, is-layout-requested=false, is-selected=false, layout-params=android.widget.FrameLayout$LayoutParams&#64;909ddc3, tag=null, root-is-layout-requested=false, has-input-connection=false, x=0.0, y=2208.0}
|
+-&gt;View{id=16908335, res-name=statusBarBackground, visibility=VISIBLE, width=1080, height=145, has-focus=false, has-focusable=false, has-window-focus=true, is-clickable=false, is-enabled=true, is-focused=false, is-focusable=false, is-layout-requested=false, is-selected=false, layout-params=android.widget.FrameLayout$LayoutParams&#64;2970640, tag=null, root-is-layout-requested=false, has-input-connection=false, x=0.0, y=0.0}
at dalvik.system.VMStack.getThreadStackTrace(Native Method)
at java.lang.Thread.getStackTrace(Thread.java:1724)
at androidx.test.espresso.base.DefaultFailureHandler.getUserFriendlyError(DefaultFailureHandler.java:12)
at androidx.test.espresso.base.DefaultFailureHandler.handle(DefaultFailureHandler.java:7)
at androidx.test.espresso.ViewInteraction.waitForAndHandleInteractionResults(ViewInteraction.java:8)
at androidx.test.espresso.ViewInteraction.check(ViewInteraction.java:12)
at com.example.dogglers.VerticalListTests.vertical_scroll_content_at_last_position(VerticalListTests.kt:49)</failure>
  </testcase>
  <testcase name="vertical_scrolling" classname="com.example.dogglers.VerticalListTests" time="1.903">
    <failure>androidx.test.espresso.NoMatchingViewException: No views in hierarchy found matching: an instance of android.widget.TextView and view.getText() with or without transformation to match: is "Faye"

View Hierarchy:
+&gt;DecorView{id=-1, visibility=VISIBLE, width=1080, height=2340, has-focus=false, has-focusable=true, has-window-focus=true, is-clickable=false, is-enabled=true, is-focused=false, is-focusable=false, is-layout-requested=false, is-selected=false, layout-params={(0,0)(fillxfill) ty=BASE_APPLICATION wanim=0x10302fe
fl=LAYOUT_IN_SCREEN LAYOUT_INSET_DECOR SPLIT_TOUCH HARDWARE_ACCELERATED DRAWS_SYSTEM_BAR_BACKGROUNDS
pfl=NO_MOVE_ANIMATION FORCE_DRAW_STATUS_BAR_BACKGROUND FIT_INSETS_CONTROLLED
bhv=DEFAULT
fitSides=}, tag=null, root-is-layout-requested=false, has-input-connection=false, x=0.0, y=0.0, child-count=3}
|
+-&gt;LinearLayout{id=-1, visibility=VISIBLE, width=1080, height=2208, has-focus=false, has-focusable=true, has-window-focus=true, is-clickable=false, is-enabled=true, is-focused=false, is-focusable=false, is-layout-requested=false, is-selected=false, layout-params=android.widget.FrameLayout$LayoutParams&#64;653ad33, tag=null, root-is-layout-requested=false, has-input-connection=false, x=0.0, y=0.0, child-count=2}
|
+--&gt;ViewStub{id=16908720, res-name=action_mode_bar_stub, visibility=GONE, width=0, height=0, has-focus=false, has-focusable=false, has-window-focus=true, is-clickable=false, is-enabled=true, is-focused=false, is-focusable=false, is-layout-requested=true, is-selected=false, layout-params=android.widget.LinearLayout$LayoutParams&#64;8d878f0, tag=null, root-is-layout-requested=false, has-input-connection=false, x=0.0, y=0.0}
|
+--&gt;FrameLayout{id=-1, visibility=VISIBLE, width=1080, height=2063, has-focus=false, has-focusable=true, has-window-focus=true, is-clickable=false, is-enabled=true, is-focused=false, is-focusable=false, is-layout-requested=false, is-selected=false, layout-params=android.widget.LinearLayout$LayoutParams&#64;54610ee, tag=null, root-is-layout-requested=false, has-input-connection=false, x=0.0, y=145.0, child-count=1}
|
+---&gt;ActionBarOverlayLayout{id=2131230866, res-name=decor_content_parent, visibility=VISIBLE, width=1080, height=2063, has-focus=false, has-focusable=true, has-window-focus=true, is-clickable=false, is-enabled=true, is-focused=false, is-focusable=false, is-layout-requested=false, is-selected=false, layout-params=android.widget.FrameLayout$LayoutParams&#64;a32e825, tag=null, root-is-layout-requested=false, has-input-connection=false, x=0.0, y=0.0, child-count=2}
|
+----&gt;ContentFrameLayout{id=16908290, res-name=content, visibility=VISIBLE, width=1080, height=1909, has-focus=false, has-focusable=true, has-window-focus=true, is-clickable=false, is-enabled=true, is-focused=false, is-focusable=false, is-layout-requested=false, is-selected=false, layout-params=androidx.appcompat.widget.ActionBarOverlayLayout$LayoutParams&#64;3cd8fab, tag=null, root-is-layout-requested=false, has-input-connection=false, x=0.0, y=154.0, child-count=1}
|
+-----&gt;FrameLayout{id=-1, visibility=VISIBLE, width=1080, height=1909, has-focus=false, has-focusable=true, has-window-focus=true, is-clickable=false, is-enabled=true, is-focused=false, is-focusable=false, is-layout-requested=false, is-selected=false, layout-params=android.widget.FrameLayout$LayoutParams&#64;bcee1a1, tag=null, root-is-layout-requested=false, has-input-connection=false, x=0.0, y=0.0, child-count=1}
|
+------&gt;RecyclerView{id=2131231202, res-name=vertical_recycler_view, visibility=VISIBLE, width=1080, height=1909, has-focus=false, has-focusable=true, has-window-focus=true, is-clickable=false, is-enabled=true, is-focused=false, is-focusable=true, is-layout-requested=false, is-selected=false, layout-params=android.widget.FrameLayout$LayoutParams&#64;35b4fc6, tag=null, root-is-layout-requested=false, has-input-connection=false, x=0.0, y=0.0, child-count=0}
|
+----&gt;ActionBarContainer{id=2131230774, res-name=action_bar_container, visibility=VISIBLE, width=1080, height=154, has-focus=false, has-focusable=false, has-window-focus=true, is-clickable=false, is-enabled=true, is-focused=false, is-focusable=false, is-layout-requested=false, is-selected=false, layout-params=androidx.appcompat.widget.ActionBarOverlayLayout$LayoutParams&#64;8d6f6dd, tag=null, root-is-layout-requested=false, has-input-connection=false, x=0.0, y=0.0, child-count=2}
|
+-----&gt;Toolbar{id=2131230772, res-name=action_bar, visibility=VISIBLE, width=1080, height=154, has-focus=false, has-focusable=false, has-window-focus=true, is-clickable=false, is-enabled=true, is-focused=false, is-focusable=false, is-layout-requested=false, is-selected=false, layout-params=android.widget.FrameLayout$LayoutParams&#64;5123d9, tag=null, root-is-layout-requested=false, has-input-connection=false, x=0.0, y=0.0, child-count=3}
|
+------&gt;AppCompatTextView{id=-1, visibility=VISIBLE, width=219, height=74, has-focus=false, has-focusable=false, has-window-focus=true, is-clickable=false, is-enabled=true, is-focused=false, is-focusable=false, is-layout-requested=false, is-selected=false, layout-params=androidx.appcompat.widget.Toolbar$LayoutParams&#64;e4e919e, tag=null, root-is-layout-requested=false, has-input-connection=false, x=198.0, y=40.0, text=Dogglers, input-type=0, ime-target=false, has-links=false}
|
+------&gt;AppCompatImageButton{id=-1, desc=Navigate up, visibility=VISIBLE, width=154, height=154, has-focus=false, has-focusable=false, has-window-focus=true, is-clickable=true, is-enabled=true, is-focused=false, is-focusable=true, is-layout-requested=false, is-selected=false, layout-params=androidx.appcompat.widget.Toolbar$LayoutParams&#64;606547f, tag=null, root-is-layout-requested=false, has-input-connection=false, x=0.0, y=0.0}
|
+------&gt;ActionMenuView{id=-1, visibility=VISIBLE, width=0, height=154, has-focus=false, has-focusable=false, has-window-focus=true, is-clickable=false, is-enabled=true, is-focused=false, is-focusable=false, is-layout-requested=false, is-selected=false, layout-params=androidx.appcompat.widget.Toolbar$LayoutParams&#64;7aadc4c, tag=null, root-is-layout-requested=false, has-input-connection=false, x=1080.0, y=0.0, child-count=0}
|
+-----&gt;ActionBarContextView{id=2131230780, res-name=action_context_bar, visibility=GONE, width=0, height=0, has-focus=false, has-focusable=false, has-window-focus=true, is-clickable=false, is-enabled=true, is-focused=false, is-focusable=false, is-layout-requested=true, is-selected=false, layout-params=android.widget.FrameLayout$LayoutParams&#64;1a72495, tag=null, root-is-layout-requested=false, has-input-connection=false, x=0.0, y=0.0, child-count=0}
|
+-&gt;View{id=16908336, res-name=navigationBarBackground, visibility=VISIBLE, width=1080, height=132, has-focus=false, has-focusable=false, has-window-focus=true, is-clickable=false, is-enabled=true, is-focused=false, is-focusable=false, is-layout-requested=false, is-selected=false, layout-params=android.widget.FrameLayout$LayoutParams&#64;18e29aa, tag=null, root-is-layout-requested=false, has-input-connection=false, x=0.0, y=2208.0}
|
+-&gt;View{id=16908335, res-name=statusBarBackground, visibility=VISIBLE, width=1080, height=145, has-focus=false, has-focusable=false, has-window-focus=true, is-clickable=false, is-enabled=true, is-focused=false, is-focusable=false, is-layout-requested=false, is-selected=false, layout-params=android.widget.FrameLayout$LayoutParams&#64;db5b99b, tag=null, root-is-layout-requested=false, has-input-connection=false, x=0.0, y=0.0}
at dalvik.system.VMStack.getThreadStackTrace(Native Method)
at java.lang.Thread.getStackTrace(Thread.java:1724)
at androidx.test.espresso.base.DefaultFailureHandler.getUserFriendlyError(DefaultFailureHandler.java:12)
at androidx.test.espresso.base.DefaultFailureHandler.handle(DefaultFailureHandler.java:7)
at androidx.test.espresso.ViewInteraction.waitForAndHandleInteractionResults(ViewInteraction.java:8)
at androidx.test.espresso.ViewInteraction.check(ViewInteraction.java:12)
at com.example.dogglers.VerticalListTests.vertical_scrolling(VerticalListTests.kt:56)</failure>
  </testcase>
  <testcase name="vertical_scroll_content_at_first_position" classname="com.example.dogglers.VerticalListTests" time="1.386">
    <failure>androidx.test.espresso.NoMatchingViewException: No views in hierarchy found matching: an instance of android.widget.TextView and view.getText() with or without transformation to match: is "Tzeitel"

View Hierarchy:
+&gt;DecorView{id=-1, visibility=VISIBLE, width=1080, height=2340, has-focus=false, has-focusable=true, has-window-focus=true, is-clickable=false, is-enabled=true, is-focused=false, is-focusable=false, is-layout-requested=false, is-selected=false, layout-params={(0,0)(fillxfill) ty=BASE_APPLICATION wanim=0x10302fe
fl=LAYOUT_IN_SCREEN LAYOUT_INSET_DECOR SPLIT_TOUCH HARDWARE_ACCELERATED DRAWS_SYSTEM_BAR_BACKGROUNDS
pfl=NO_MOVE_ANIMATION FORCE_DRAW_STATUS_BAR_BACKGROUND FIT_INSETS_CONTROLLED
bhv=DEFAULT
fitSides=}, tag=null, root-is-layout-requested=false, has-input-connection=false, x=0.0, y=0.0, child-count=3}
|
+-&gt;LinearLayout{id=-1, visibility=VISIBLE, width=1080, height=2208, has-focus=false, has-focusable=true, has-window-focus=true, is-clickable=false, is-enabled=true, is-focused=false, is-focusable=false, is-layout-requested=false, is-selected=false, layout-params=android.widget.FrameLayout$LayoutParams&#64;c7515f8, tag=null, root-is-layout-requested=false, has-input-connection=false, x=0.0, y=0.0, child-count=2}
|
+--&gt;ViewStub{id=16908720, res-name=action_mode_bar_stub, visibility=GONE, width=0, height=0, has-focus=false, has-focusable=false, has-window-focus=true, is-clickable=false, is-enabled=true, is-focused=false, is-focusable=false, is-layout-requested=true, is-selected=false, layout-params=android.widget.LinearLayout$LayoutParams&#64;5c1ad1, tag=null, root-is-layout-requested=false, has-input-connection=false, x=0.0, y=0.0}
|
+--&gt;FrameLayout{id=-1, visibility=VISIBLE, width=1080, height=2063, has-focus=false, has-focusable=true, has-window-focus=true, is-clickable=false, is-enabled=true, is-focused=false, is-focusable=false, is-layout-requested=false, is-selected=false, layout-params=android.widget.LinearLayout$LayoutParams&#64;c06d037, tag=null, root-is-layout-requested=false, has-input-connection=false, x=0.0, y=145.0, child-count=1}
|
+---&gt;ActionBarOverlayLayout{id=2131230866, res-name=decor_content_parent, visibility=VISIBLE, width=1080, height=2063, has-focus=false, has-focusable=true, has-window-focus=true, is-clickable=false, is-enabled=true, is-focused=false, is-focusable=false, is-layout-requested=false, is-selected=false, layout-params=android.widget.FrameLayout$LayoutParams&#64;398c2c2, tag=null, root-is-layout-requested=false, has-input-connection=false, x=0.0, y=0.0, child-count=2}
|
+----&gt;ContentFrameLayout{id=16908290, res-name=content, visibility=VISIBLE, width=1080, height=1909, has-focus=false, has-focusable=true, has-window-focus=true, is-clickable=false, is-enabled=true, is-focused=false, is-focusable=false, is-layout-requested=false, is-selected=false, layout-params=androidx.appcompat.widget.ActionBarOverlayLayout$LayoutParams&#64;570ac10, tag=null, root-is-layout-requested=false, has-input-connection=false, x=0.0, y=154.0, child-count=1}
|
+-----&gt;FrameLayout{id=-1, visibility=VISIBLE, width=1080, height=1909, has-focus=false, has-focusable=true, has-window-focus=true, is-clickable=false, is-enabled=true, is-focused=false, is-focusable=false, is-layout-requested=false, is-selected=false, layout-params=android.widget.FrameLayout$LayoutParams&#64;8b4490e, tag=null, root-is-layout-requested=false, has-input-connection=false, x=0.0, y=0.0, child-count=1}
|
+------&gt;RecyclerView{id=2131231202, res-name=vertical_recycler_view, visibility=VISIBLE, width=1080, height=1909, has-focus=false, has-focusable=true, has-window-focus=true, is-clickable=false, is-enabled=true, is-focused=false, is-focusable=true, is-layout-requested=false, is-selected=false, layout-params=android.widget.FrameLayout$LayoutParams&#64;1d98f2f, tag=null, root-is-layout-requested=false, has-input-connection=false, x=0.0, y=0.0, child-count=0}
|
+----&gt;ActionBarContainer{id=2131230774, res-name=action_bar_container, visibility=VISIBLE, width=1080, height=154, has-focus=false, has-focusable=false, has-window-focus=true, is-clickable=false, is-enabled=true, is-focused=false, is-focusable=false, is-layout-requested=false, is-selected=false, layout-params=androidx.appcompat.widget.ActionBarOverlayLayout$LayoutParams&#64;4efe81a, tag=null, root-is-layout-requested=false, has-input-connection=false, x=0.0, y=0.0, child-count=2}
|
+-----&gt;Toolbar{id=2131230772, res-name=action_bar, visibility=VISIBLE, width=1080, height=154, has-focus=false, has-focusable=false, has-window-focus=true, is-clickable=false, is-enabled=true, is-focused=false, is-focusable=false, is-layout-requested=false, is-selected=false, layout-params=android.widget.FrameLayout$LayoutParams&#64;b146be6, tag=null, root-is-layout-requested=false, has-input-connection=false, x=0.0, y=0.0, child-count=3}
|
+------&gt;AppCompatTextView{id=-1, visibility=VISIBLE, width=219, height=74, has-focus=false, has-focusable=false, has-window-focus=true, is-clickable=false, is-enabled=true, is-focused=false, is-focusable=false, is-layout-requested=false, is-selected=false, layout-params=androidx.appcompat.widget.Toolbar$LayoutParams&#64;a763527, tag=null, root-is-layout-requested=false, has-input-connection=false, x=198.0, y=40.0, text=Dogglers, input-type=0, ime-target=false, has-links=false}
|
+------&gt;AppCompatImageButton{id=-1, desc=Navigate up, visibility=VISIBLE, width=154, height=154, has-focus=false, has-focusable=false, has-window-focus=true, is-clickable=true, is-enabled=true, is-focused=false, is-focusable=true, is-layout-requested=false, is-selected=false, layout-params=androidx.appcompat.widget.Toolbar$LayoutParams&#64;bb0b3d4, tag=null, root-is-layout-requested=false, has-input-connection=false, x=0.0, y=0.0}
|
+------&gt;ActionMenuView{id=-1, visibility=VISIBLE, width=0, height=154, has-focus=false, has-focusable=false, has-window-focus=true, is-clickable=false, is-enabled=true, is-focused=false, is-focusable=false, is-layout-requested=false, is-selected=false, layout-params=androidx.appcompat.widget.Toolbar$LayoutParams&#64;aff597d, tag=null, root-is-layout-requested=false, has-input-connection=false, x=1080.0, y=0.0, child-count=0}
|
+-----&gt;ActionBarContextView{id=2131230780, res-name=action_context_bar, visibility=GONE, width=0, height=0, has-focus=false, has-focusable=false, has-window-focus=true, is-clickable=false, is-enabled=true, is-focused=false, is-focusable=false, is-layout-requested=true, is-selected=false, layout-params=android.widget.FrameLayout$LayoutParams&#64;fab6072, tag=null, root-is-layout-requested=false, has-input-connection=false, x=0.0, y=0.0, child-count=0}
|
+-&gt;View{id=16908336, res-name=navigationBarBackground, visibility=VISIBLE, width=1080, height=132, has-focus=false, has-focusable=false, has-window-focus=true, is-clickable=false, is-enabled=true, is-focused=false, is-focusable=false, is-layout-requested=false, is-selected=false, layout-params=android.widget.FrameLayout$LayoutParams&#64;d86fcc3, tag=null, root-is-layout-requested=false, has-input-connection=false, x=0.0, y=2208.0}
|
+-&gt;View{id=16908335, res-name=statusBarBackground, visibility=VISIBLE, width=1080, height=145, has-focus=false, has-focusable=false, has-window-focus=true, is-clickable=false, is-enabled=true, is-focused=false, is-focusable=false, is-layout-requested=false, is-selected=false, layout-params=android.widget.FrameLayout$LayoutParams&#64;54f3940, tag=null, root-is-layout-requested=false, has-input-connection=false, x=0.0, y=0.0}
at dalvik.system.VMStack.getThreadStackTrace(Native Method)
at java.lang.Thread.getStackTrace(Thread.java:1724)
at androidx.test.espresso.base.DefaultFailureHandler.getUserFriendlyError(DefaultFailureHandler.java:12)
at androidx.test.espresso.base.DefaultFailureHandler.handle(DefaultFailureHandler.java:7)
at androidx.test.espresso.ViewInteraction.waitForAndHandleInteractionResults(ViewInteraction.java:8)
at androidx.test.espresso.ViewInteraction.check(ViewInteraction.java:12)
at com.example.dogglers.BaseTest.hasListItemContent(BaseTest.kt:57)
at com.example.dogglers.BaseTest.checkFirstPosition(BaseTest.kt:70)
at com.example.dogglers.VerticalListTests.vertical_scroll_content_at_first_position(VerticalListTests.kt:42)</failure>
  </testcase>
</testsuite>